{"level":"error","message":"Server initialization failed: password authentication failed for user \"your_username\"","name":"SequelizeConnectionError","original":{"code":"28P01","file":"auth.c","length":109,"line":"338","name":"error","routine":"auth_failed","severity":"FATAL"},"parent":{"code":"28P01","file":"auth.c","length":109,"line":"338","name":"error","routine":"auth_failed","severity":"FATAL"},"stack":"SequelizeConnectionError: password authentication failed for user \"your_username\"\n    at Client._connectionCallback (C:\\Users\\User\\Desktop\\calorie-tracker\\Backend\\node_modules\\sequelize\\lib\\dialects\\postgres\\connection-manager.js:145:24)\n    at Client._handleErrorWhileConnecting (C:\\Users\\User\\Desktop\\calorie-tracker\\Backend\\node_modules\\pg\\lib\\client.js:336:19)\n    at Client._handleErrorMessage (C:\\Users\\User\\Desktop\\calorie-tracker\\Backend\\node_modules\\pg\\lib\\client.js:356:19)\n    at Connection.emit (node:events:518:28)\n    at C:\\Users\\User\\Desktop\\calorie-tracker\\Backend\\node_modules\\pg\\lib\\connection.js:116:12\n    at Parser.parse (C:\\Users\\User\\Desktop\\calorie-tracker\\Backend\\node_modules\\pg-protocol\\dist\\parser.js:36:17)\n    at Socket.<anonymous> (C:\\Users\\User\\Desktop\\calorie-tracker\\Backend\\node_modules\\pg-protocol\\dist\\index.js:11:42)\n    at Socket.emit (node:events:518:28)\n    at addChunk (node:internal/streams/readable:561:12)\n    at readableAddChunkPushByteMode (node:internal/streams/readable:512:3)","timestamp":"2025-03-13 09:12:13"}
{"level":"error","message":"Server initialization failed: password authentication failed for user \"your_username\"","name":"SequelizeConnectionError","original":{"code":"28P01","file":"auth.c","length":109,"line":"338","name":"error","routine":"auth_failed","severity":"FATAL"},"parent":{"code":"28P01","file":"auth.c","length":109,"line":"338","name":"error","routine":"auth_failed","severity":"FATAL"},"stack":"SequelizeConnectionError: password authentication failed for user \"your_username\"\n    at Client._connectionCallback (C:\\Users\\User\\Desktop\\calorie-tracker\\Backend\\node_modules\\sequelize\\lib\\dialects\\postgres\\connection-manager.js:145:24)\n    at Client._handleErrorWhileConnecting (C:\\Users\\User\\Desktop\\calorie-tracker\\Backend\\node_modules\\pg\\lib\\client.js:336:19)\n    at Client._handleErrorMessage (C:\\Users\\User\\Desktop\\calorie-tracker\\Backend\\node_modules\\pg\\lib\\client.js:356:19)\n    at Connection.emit (node:events:518:28)\n    at C:\\Users\\User\\Desktop\\calorie-tracker\\Backend\\node_modules\\pg\\lib\\connection.js:116:12\n    at Parser.parse (C:\\Users\\User\\Desktop\\calorie-tracker\\Backend\\node_modules\\pg-protocol\\dist\\parser.js:36:17)\n    at Socket.<anonymous> (C:\\Users\\User\\Desktop\\calorie-tracker\\Backend\\node_modules\\pg-protocol\\dist\\index.js:11:42)\n    at Socket.emit (node:events:518:28)\n    at addChunk (node:internal/streams/readable:561:12)\n    at readableAddChunkPushByteMode (node:internal/streams/readable:512:3)","timestamp":"2025-03-13 09:15:15"}
{"level":"error","message":"Server initialization failed: password authentication failed for user \"your_username\"","name":"SequelizeConnectionError","original":{"code":"28P01","file":"auth.c","length":109,"line":"338","name":"error","routine":"auth_failed","severity":"FATAL"},"parent":{"code":"28P01","file":"auth.c","length":109,"line":"338","name":"error","routine":"auth_failed","severity":"FATAL"},"stack":"SequelizeConnectionError: password authentication failed for user \"your_username\"\n    at Client._connectionCallback (C:\\Users\\User\\Desktop\\calorie-tracker\\Backend\\node_modules\\sequelize\\lib\\dialects\\postgres\\connection-manager.js:145:24)\n    at Client._handleErrorWhileConnecting (C:\\Users\\User\\Desktop\\calorie-tracker\\Backend\\node_modules\\pg\\lib\\client.js:336:19)\n    at Client._handleErrorMessage (C:\\Users\\User\\Desktop\\calorie-tracker\\Backend\\node_modules\\pg\\lib\\client.js:356:19)\n    at Connection.emit (node:events:518:28)\n    at C:\\Users\\User\\Desktop\\calorie-tracker\\Backend\\node_modules\\pg\\lib\\connection.js:116:12\n    at Parser.parse (C:\\Users\\User\\Desktop\\calorie-tracker\\Backend\\node_modules\\pg-protocol\\dist\\parser.js:36:17)\n    at Socket.<anonymous> (C:\\Users\\User\\Desktop\\calorie-tracker\\Backend\\node_modules\\pg-protocol\\dist\\index.js:11:42)\n    at Socket.emit (node:events:518:28)\n    at addChunk (node:internal/streams/readable:561:12)\n    at readableAddChunkPushByteMode (node:internal/streams/readable:512:3)","timestamp":"2025-03-13 09:17:20"}
{"level":"info","message":"Database connection established successfully","timestamp":"2025-03-13 09:23:42"}
{"level":"info","message":"Redis connection established successfully","timestamp":"2025-03-13 09:23:42"}
{"level":"info","message":"Server running on port 3000","timestamp":"2025-03-13 09:23:42"}
{"level":"info","message":"API documentation available at http://localhost:3000/api-docs","timestamp":"2025-03-13 09:23:42"}
{"level":"info","message":"GET /api-docs","timestamp":"2025-03-13 09:24:41"}
{"level":"info","message":"GET /api-docs/","timestamp":"2025-03-13 09:24:41"}
{"level":"info","message":"GET /api-docs/swagger-ui.css","timestamp":"2025-03-13 09:24:41"}
{"level":"info","message":"GET /api-docs/swagger-ui-bundle.js","timestamp":"2025-03-13 09:24:41"}
{"level":"info","message":"GET /api-docs/swagger-ui-standalone-preset.js","timestamp":"2025-03-13 09:24:41"}
{"level":"info","message":"GET /api-docs/swagger-ui-init.js","timestamp":"2025-03-13 09:24:41"}
{"level":"info","message":"GET /","timestamp":"2025-03-13 09:24:41"}
{"level":"info","message":"GET /api-docs/favicon-32x32.png","timestamp":"2025-03-13 09:24:41"}
{"level":"info","message":"GET /api-docs","timestamp":"2025-03-13 09:25:23"}
{"level":"info","message":"GET /api-docs/","timestamp":"2025-03-13 09:25:23"}
{"level":"info","message":"GET /api-docs/swagger-ui.css","timestamp":"2025-03-13 09:25:23"}
{"level":"info","message":"GET /api-docs/swagger-ui-bundle.js","timestamp":"2025-03-13 09:25:23"}
{"level":"info","message":"GET /api-docs/swagger-ui-standalone-preset.js","timestamp":"2025-03-13 09:25:23"}
{"level":"info","message":"GET /api-docs/swagger-ui-init.js","timestamp":"2025-03-13 09:25:23"}
{"level":"info","message":"GET /api-docs/favicon-32x32.png","timestamp":"2025-03-13 09:25:24"}
{"level":"info","message":"GET /","timestamp":"2025-03-13 09:25:24"}
{"level":"info","message":"GET /api-docs/favicon-32x32.png","timestamp":"2025-03-13 09:25:24"}
{"level":"info","message":"GET /api-docs/","timestamp":"2025-03-13 09:32:10"}
{"level":"info","message":"GET /api-docs/swagger-ui.css","timestamp":"2025-03-13 09:32:10"}
{"level":"info","message":"GET /api-docs/swagger-ui-bundle.js","timestamp":"2025-03-13 09:32:10"}
{"level":"info","message":"GET /api-docs/swagger-ui-standalone-preset.js","timestamp":"2025-03-13 09:32:10"}
{"level":"info","message":"GET /api-docs/swagger-ui-init.js","timestamp":"2025-03-13 09:32:10"}
{"level":"info","message":"GET /","timestamp":"2025-03-13 09:32:11"}
{"level":"info","message":"Database connection established successfully","timestamp":"2025-03-13 09:32:37"}
{"level":"info","message":"Redis connection established successfully","timestamp":"2025-03-13 09:32:37"}
{"level":"info","message":"Server running on port 3000","timestamp":"2025-03-13 09:32:37"}
{"level":"info","message":"API documentation available at http://localhost:3000/api-docs","timestamp":"2025-03-13 09:32:37"}
{"level":"info","message":"GET /api-docs/","timestamp":"2025-03-13 09:32:52"}
{"level":"info","message":"GET /favicon.ico","timestamp":"2025-03-13 09:32:52"}
{"level":"info","message":"Database connection established successfully","timestamp":"2025-03-13 09:35:51"}
{"level":"info","message":"Redis connection established successfully","timestamp":"2025-03-13 09:35:51"}
{"level":"info","message":"Server running on port 3000","timestamp":"2025-03-13 09:35:51"}
{"level":"info","message":"API documentation available at http://localhost:3000/api-docs","timestamp":"2025-03-13 09:35:51"}
{"level":"info","message":"Database connection established successfully","timestamp":"2025-03-13 10:13:49"}
{"level":"info","message":"Redis connection established successfully","timestamp":"2025-03-13 10:13:49"}
{"level":"info","message":"Server running on port 3000","timestamp":"2025-03-13 10:13:49"}
{"level":"info","message":"API documentation available at http://localhost:3000/api-docs","timestamp":"2025-03-13 10:13:49"}
{"level":"info","message":"Database connection established successfully","timestamp":"2025-03-13 10:23:51"}
{"level":"info","message":"Redis connection established successfully","timestamp":"2025-03-13 10:23:51"}
{"level":"info","message":"Server running on port 3000","timestamp":"2025-03-13 10:23:51"}
{"level":"info","message":"API documentation available at http://localhost:3000/api-docs","timestamp":"2025-03-13 10:23:51"}
{"level":"info","message":"Database connection established successfully","timestamp":"2025-03-13 10:25:34"}
{"level":"info","message":"Redis connection established successfully","timestamp":"2025-03-13 10:25:34"}
{"level":"info","message":"Server running on port 3000","timestamp":"2025-03-13 10:25:34"}
{"level":"info","message":"API documentation available at http://localhost:3000/api-docs","timestamp":"2025-03-13 10:25:34"}
