{"level":"info","message":"Database connection established successfully","timestamp":"2025-03-18 07:32:20"}
{"level":"info","message":"Redis connection established successfully","timestamp":"2025-03-18 07:32:20"}
{"level":"info","message":"Server running on port 3000","timestamp":"2025-03-18 07:32:20"}
{"level":"info","message":"API documentation available at http://localhost:3000/api-docs","timestamp":"2025-03-18 07:32:20"}
{"level":"info","message":"POST /api/auth/register","timestamp":"2025-03-18 07:45:47"}
{"level":"error","message":"Registration error: WHERE parameter \"username\" has invalid \"undefined\" value","timestamp":"2025-03-18 07:45:47"}
{"body":{"daily_calorie_target":"2000","email":"daisyshighi@gmail.com","last_name":"Mwambi","password":"Shysoul99!","username":"Shighi"},"level":"error","message":"Error: WHERE parameter \"username\" has invalid \"undefined\" value","method":"POST","path":"/api/auth/register","stack":"Error: WHERE parameter \"username\" has invalid \"undefined\" value\n    at PostgresQueryGenerator.whereItemQuery (C:\\Users\\User\\Desktop\\calorie-tracker\\calorie-tracker-master\\Backend\\node_modules\\sequelize\\lib\\dialects\\abstract\\query-generator.js:1746:13)\n    at C:\\Users\\User\\Desktop\\calorie-tracker\\calorie-tracker-master\\Backend\\node_modules\\sequelize\\lib\\dialects\\abstract\\query-generator.js:1737:25\n    at Array.forEach (<anonymous>)\n    at PostgresQueryGenerator.whereItemsQuery (C:\\Users\\User\\Desktop\\calorie-tracker\\calorie-tracker-master\\Backend\\node_modules\\sequelize\\lib\\dialects\\abstract\\query-generator.js:1735:35)\n    at PostgresQueryGenerator.getWhereConditions (C:\\Users\\User\\Desktop\\calorie-tracker\\calorie-tracker-master\\Backend\\node_modules\\sequelize\\lib\\dialects\\abstract\\query-generator.js:2078:19)\n    at PostgresQueryGenerator.selectQuery (C:\\Users\\User\\Desktop\\calorie-tracker\\calorie-tracker-master\\Backend\\node_modules\\sequelize\\lib\\dialects\\abstract\\query-generator.js:991:28)\n    at PostgresQueryInterface.select (C:\\Users\\User\\Desktop\\calorie-tracker\\calorie-tracker-master\\Backend\\node_modules\\sequelize\\lib\\dialects\\abstract\\query-interface.js:407:59)\n    at User.findAll (C:\\Users\\User\\Desktop\\calorie-tracker\\calorie-tracker-master\\Backend\\node_modules\\sequelize\\lib\\model.js:1140:47)\n    at process.processTicksAndRejections (node:internal/process/task_queues:95:5)\n    at async User.findOne (C:\\Users\\User\\Desktop\\calorie-tracker\\calorie-tracker-master\\Backend\\node_modules\\sequelize\\lib\\model.js:1240:12)","timestamp":"2025-03-18 07:45:47"}
{"level":"info","message":"Database connection established successfully","timestamp":"2025-03-18 07:58:21"}
{"level":"info","message":"Redis connection established successfully","timestamp":"2025-03-18 07:58:21"}
{"level":"info","message":"Server running on port 3000","timestamp":"2025-03-18 07:58:21"}
{"level":"info","message":"API documentation available at http://localhost:3000/api-docs","timestamp":"2025-03-18 07:58:21"}
{"level":"info","message":"POST /api/auth/register","timestamp":"2025-03-18 07:58:44"}
{"level":"info","message":"Registration attempt: email=daisyshighi@gmail.com, username=Shighi","timestamp":"2025-03-18 07:58:44"}
{"level":"info","message":"User registered: daisyshighi@gmail.com","timestamp":"2025-03-18 07:58:44"}
{"body":{"daily_calorie_target":"2000","email":"daisyshighi@gmail.com","last_name":"Mwambi","password":"Shysoul99!","username":"Shighi"},"level":"error","message":"Registration error: apiResponse.success is not a function","method":"POST","path":"/register","stack":"TypeError: apiResponse.success is not a function\n    at register (file:///C:/Users/User/Desktop/calorie-tracker/calorie-tracker-master/Backend/src/controllers/authController.js:30:24)\n    at process.processTicksAndRejections (node:internal/process/task_queues:95:5)","timestamp":"2025-03-18 07:58:44"}
{"body":{"daily_calorie_target":"2000","email":"daisyshighi@gmail.com","last_name":"Mwambi","password":"Shysoul99!","username":"Shighi"},"level":"error","message":"Error: apiResponse.success is not a function","method":"POST","path":"/api/auth/register","stack":"TypeError: apiResponse.success is not a function\n    at register (file:///C:/Users/User/Desktop/calorie-tracker/calorie-tracker-master/Backend/src/controllers/authController.js:30:24)\n    at process.processTicksAndRejections (node:internal/process/task_queues:95:5)","timestamp":"2025-03-18 07:58:44"}
{"level":"info","message":"Database connection established successfully","timestamp":"2025-03-18 08:04:49"}
{"level":"info","message":"Redis connection established successfully","timestamp":"2025-03-18 08:04:49"}
{"level":"info","message":"Server running on port 3000","timestamp":"2025-03-18 08:04:49"}
{"level":"info","message":"API documentation available at http://localhost:3000/api-docs","timestamp":"2025-03-18 08:04:49"}
{"level":"info","message":"POST /api/auth/register","timestamp":"2025-03-18 08:05:49"}
{"level":"info","message":"Registration attempt: email=daisyshighi@gmail.com, username=Shighi","timestamp":"2025-03-18 08:05:49"}
{"body":{"daily_calorie_target":"2000","email":"daisyshighi@gmail.com","last_name":"Mwambi","password":"Mushee2408!","username":"Shighi"},"level":"error","message":"Registration error: Email already exists","method":"POST","path":"/register","stack":"Error: Email already exists\n    at AuthService.registerUser (file:///C:/Users/User/Desktop/calorie-tracker/calorie-tracker-master/Backend/src/services/authService.js:14:13)\n    at process.processTicksAndRejections (node:internal/process/task_queues:95:5)\n    at async register (file:///C:/Users/User/Desktop/calorie-tracker/calorie-tracker-master/Backend/src/controllers/authController.js:27:20)","timestamp":"2025-03-18 08:05:49"}
{"level":"info","message":"POST /api/auth/login","timestamp":"2025-03-18 08:06:03"}
{"level":"info","message":"POST /api/auth/login","timestamp":"2025-03-18 08:06:25"}
{"level":"info","message":"POST /api/auth/login","timestamp":"2025-03-18 08:06:26"}
{"level":"info","message":"POST /api/auth/login","timestamp":"2025-03-18 08:06:27"}
{"level":"info","message":"POST /api/auth/register","timestamp":"2025-03-18 08:09:03"}
{"level":"info","message":"Registration attempt: email=daisymwambi@gmail.com, username=Daisy","timestamp":"2025-03-18 08:09:03"}
{"level":"info","message":"User registered: daisymwambi@gmail.com","timestamp":"2025-03-18 08:09:03"}
{"level":"info","message":"POST /api/auth/login","timestamp":"2025-03-18 08:09:28"}
{"level":"info","message":"POST /api/auth/login","timestamp":"2025-03-18 08:09:44"}
{"level":"info","message":"Database connection established successfully","timestamp":"2025-03-18 08:16:47"}
{"level":"info","message":"Redis connection established successfully","timestamp":"2025-03-18 08:16:47"}
{"level":"info","message":"Server running on port 3000","timestamp":"2025-03-18 08:16:47"}
{"level":"info","message":"API documentation available at http://localhost:3000/api-docs","timestamp":"2025-03-18 08:16:47"}
{"level":"info","message":"POST /api/auth/login","timestamp":"2025-03-18 08:16:53"}
{"level":"error","message":"Login error: Email or username is required","timestamp":"2025-03-18 08:16:53"}
{"body":{"emailOrUsername":"Daisy","password":"Shysoul99!"},"level":"error","message":"Error: Email or username is required","method":"POST","path":"/api/auth/login","stack":"Error: Email or username is required\n    at AuthService.loginUser (file:///C:/Users/User/Desktop/calorie-tracker/calorie-tracker-master/Backend/src/services/authService.js:41:13)\n    at login (file:///C:/Users/User/Desktop/calorie-tracker/calorie-tracker-master/Backend/src/controllers/authController.js:55:38)\n    at Layer.handle [as handle_request] (C:\\Users\\User\\Desktop\\calorie-tracker\\calorie-tracker-master\\Backend\\node_modules\\express\\lib\\router\\layer.js:95:5)\n    at next (C:\\Users\\User\\Desktop\\calorie-tracker\\calorie-tracker-master\\Backend\\node_modules\\express\\lib\\router\\route.js:149:13)\n    at checkValidation (file:///C:/Users/User/Desktop/calorie-tracker/calorie-tracker-master/Backend/src/middleware/validationMiddleware.js:21:3)\n    at Layer.handle [as handle_request] (C:\\Users\\User\\Desktop\\calorie-tracker\\calorie-tracker-master\\Backend\\node_modules\\express\\lib\\router\\layer.js:95:5)\n    at next (C:\\Users\\User\\Desktop\\calorie-tracker\\calorie-tracker-master\\Backend\\node_modules\\express\\lib\\router\\route.js:149:13)\n    at middleware (C:\\Users\\User\\Desktop\\calorie-tracker\\calorie-tracker-master\\Backend\\node_modules\\express-validator\\lib\\middlewares\\check.js:16:13)\n    at process.processTicksAndRejections (node:internal/process/task_queues:95:5)","timestamp":"2025-03-18 08:16:53"}
{"level":"info","message":"POST /api/auth/login","timestamp":"2025-03-18 08:16:59"}
{"level":"error","message":"Login error: Email or username is required","timestamp":"2025-03-18 08:16:59"}
{"body":{"emailOrUsername":"Daisy","password":"Shysoul99!"},"level":"error","message":"Error: Email or username is required","method":"POST","path":"/api/auth/login","stack":"Error: Email or username is required\n    at AuthService.loginUser (file:///C:/Users/User/Desktop/calorie-tracker/calorie-tracker-master/Backend/src/services/authService.js:41:13)\n    at login (file:///C:/Users/User/Desktop/calorie-tracker/calorie-tracker-master/Backend/src/controllers/authController.js:55:38)\n    at Layer.handle [as handle_request] (C:\\Users\\User\\Desktop\\calorie-tracker\\calorie-tracker-master\\Backend\\node_modules\\express\\lib\\router\\layer.js:95:5)\n    at next (C:\\Users\\User\\Desktop\\calorie-tracker\\calorie-tracker-master\\Backend\\node_modules\\express\\lib\\router\\route.js:149:13)\n    at checkValidation (file:///C:/Users/User/Desktop/calorie-tracker/calorie-tracker-master/Backend/src/middleware/validationMiddleware.js:21:3)\n    at Layer.handle [as handle_request] (C:\\Users\\User\\Desktop\\calorie-tracker\\calorie-tracker-master\\Backend\\node_modules\\express\\lib\\router\\layer.js:95:5)\n    at next (C:\\Users\\User\\Desktop\\calorie-tracker\\calorie-tracker-master\\Backend\\node_modules\\express\\lib\\router\\route.js:149:13)\n    at middleware (C:\\Users\\User\\Desktop\\calorie-tracker\\calorie-tracker-master\\Backend\\node_modules\\express-validator\\lib\\middlewares\\check.js:16:13)\n    at process.processTicksAndRejections (node:internal/process/task_queues:95:5)","timestamp":"2025-03-18 08:16:59"}
{"level":"info","message":"POST /api/auth/login","timestamp":"2025-03-18 08:17:03"}
{"level":"error","message":"Login error: Email or username is required","timestamp":"2025-03-18 08:17:03"}
{"body":{"emailOrUsername":"Shighi","password":"Mushee2408!"},"level":"error","message":"Error: Email or username is required","method":"POST","path":"/api/auth/login","stack":"Error: Email or username is required\n    at AuthService.loginUser (file:///C:/Users/User/Desktop/calorie-tracker/calorie-tracker-master/Backend/src/services/authService.js:41:13)\n    at login (file:///C:/Users/User/Desktop/calorie-tracker/calorie-tracker-master/Backend/src/controllers/authController.js:55:38)\n    at Layer.handle [as handle_request] (C:\\Users\\User\\Desktop\\calorie-tracker\\calorie-tracker-master\\Backend\\node_modules\\express\\lib\\router\\layer.js:95:5)\n    at next (C:\\Users\\User\\Desktop\\calorie-tracker\\calorie-tracker-master\\Backend\\node_modules\\express\\lib\\router\\route.js:149:13)\n    at checkValidation (file:///C:/Users/User/Desktop/calorie-tracker/calorie-tracker-master/Backend/src/middleware/validationMiddleware.js:21:3)\n    at Layer.handle [as handle_request] (C:\\Users\\User\\Desktop\\calorie-tracker\\calorie-tracker-master\\Backend\\node_modules\\express\\lib\\router\\layer.js:95:5)\n    at next (C:\\Users\\User\\Desktop\\calorie-tracker\\calorie-tracker-master\\Backend\\node_modules\\express\\lib\\router\\route.js:149:13)\n    at middleware (C:\\Users\\User\\Desktop\\calorie-tracker\\calorie-tracker-master\\Backend\\node_modules\\express-validator\\lib\\middlewares\\check.js:16:13)\n    at process.processTicksAndRejections (node:internal/process/task_queues:95:5)","timestamp":"2025-03-18 08:17:03"}
{"level":"info","message":"POST /api/auth/login","timestamp":"2025-03-18 08:17:36"}
{"level":"error","message":"Login error: Email or username is required","timestamp":"2025-03-18 08:17:36"}
{"body":{"emailOrUsername":"daisymwambi@gmail.com","password":"Shysoul99!"},"level":"error","message":"Error: Email or username is required","method":"POST","path":"/api/auth/login","stack":"Error: Email or username is required\n    at AuthService.loginUser (file:///C:/Users/User/Desktop/calorie-tracker/calorie-tracker-master/Backend/src/services/authService.js:41:13)\n    at login (file:///C:/Users/User/Desktop/calorie-tracker/calorie-tracker-master/Backend/src/controllers/authController.js:55:38)\n    at Layer.handle [as handle_request] (C:\\Users\\User\\Desktop\\calorie-tracker\\calorie-tracker-master\\Backend\\node_modules\\express\\lib\\router\\layer.js:95:5)\n    at next (C:\\Users\\User\\Desktop\\calorie-tracker\\calorie-tracker-master\\Backend\\node_modules\\express\\lib\\router\\route.js:149:13)\n    at checkValidation (file:///C:/Users/User/Desktop/calorie-tracker/calorie-tracker-master/Backend/src/middleware/validationMiddleware.js:21:3)\n    at Layer.handle [as handle_request] (C:\\Users\\User\\Desktop\\calorie-tracker\\calorie-tracker-master\\Backend\\node_modules\\express\\lib\\router\\layer.js:95:5)\n    at next (C:\\Users\\User\\Desktop\\calorie-tracker\\calorie-tracker-master\\Backend\\node_modules\\express\\lib\\router\\route.js:149:13)\n    at middleware (C:\\Users\\User\\Desktop\\calorie-tracker\\calorie-tracker-master\\Backend\\node_modules\\express-validator\\lib\\middlewares\\check.js:16:13)\n    at process.processTicksAndRejections (node:internal/process/task_queues:95:5)","timestamp":"2025-03-18 08:17:36"}
{"level":"info","message":"POST /api/auth/login","timestamp":"2025-03-18 08:17:44"}
{"level":"error","message":"Login error: Email or username is required","timestamp":"2025-03-18 08:17:44"}
{"body":{"emailOrUsername":"daisymwambi@gmail.com","password":"MmjKt9BPf_H6d4_"},"level":"error","message":"Error: Email or username is required","method":"POST","path":"/api/auth/login","stack":"Error: Email or username is required\n    at AuthService.loginUser (file:///C:/Users/User/Desktop/calorie-tracker/calorie-tracker-master/Backend/src/services/authService.js:41:13)\n    at login (file:///C:/Users/User/Desktop/calorie-tracker/calorie-tracker-master/Backend/src/controllers/authController.js:55:38)\n    at Layer.handle [as handle_request] (C:\\Users\\User\\Desktop\\calorie-tracker\\calorie-tracker-master\\Backend\\node_modules\\express\\lib\\router\\layer.js:95:5)\n    at next (C:\\Users\\User\\Desktop\\calorie-tracker\\calorie-tracker-master\\Backend\\node_modules\\express\\lib\\router\\route.js:149:13)\n    at checkValidation (file:///C:/Users/User/Desktop/calorie-tracker/calorie-tracker-master/Backend/src/middleware/validationMiddleware.js:21:3)\n    at Layer.handle [as handle_request] (C:\\Users\\User\\Desktop\\calorie-tracker\\calorie-tracker-master\\Backend\\node_modules\\express\\lib\\router\\layer.js:95:5)\n    at next (C:\\Users\\User\\Desktop\\calorie-tracker\\calorie-tracker-master\\Backend\\node_modules\\express\\lib\\router\\route.js:149:13)\n    at middleware (C:\\Users\\User\\Desktop\\calorie-tracker\\calorie-tracker-master\\Backend\\node_modules\\express-validator\\lib\\middlewares\\check.js:16:13)\n    at process.processTicksAndRejections (node:internal/process/task_queues:95:5)","timestamp":"2025-03-18 08:17:44"}
{"level":"info","message":"Database connection established successfully","timestamp":"2025-03-18 08:25:23"}
{"level":"info","message":"Redis connection established successfully","timestamp":"2025-03-18 08:25:23"}
{"level":"info","message":"Server running on port 3000","timestamp":"2025-03-18 08:25:23"}
{"level":"info","message":"API documentation available at http://localhost:3000/api-docs","timestamp":"2025-03-18 08:25:23"}
{"level":"info","message":"POST /api/auth/login","timestamp":"2025-03-18 08:28:14"}
{"level":"error","message":"Login error: secretOrPrivateKey must have a value","timestamp":"2025-03-18 08:28:14"}
{"body":{"emailOrUsername":"Daisy","password":"Shysoul99!"},"level":"error","message":"Error: secretOrPrivateKey must have a value","method":"POST","path":"/api/auth/login","stack":"Error: secretOrPrivateKey must have a value\n    at module.exports [as sign] (C:\\Users\\User\\Desktop\\calorie-tracker\\calorie-tracker-master\\Backend\\node_modules\\jsonwebtoken\\sign.js:111:20)\n    at AuthService.generateToken (file:///C:/Users/User/Desktop/calorie-tracker/calorie-tracker-master/Backend/src/services/authService.js:77:16)\n    at AuthService.loginUser (file:///C:/Users/User/Desktop/calorie-tracker/calorie-tracker-master/Backend/src/services/authService.js:69:24)\n    at async login (file:///C:/Users/User/Desktop/calorie-tracker/calorie-tracker-master/Backend/src/controllers/authController.js:55:20)","timestamp":"2025-03-18 08:28:14"}
{"level":"info","message":"Database connection established successfully","timestamp":"2025-03-18 08:37:45"}
{"level":"info","message":"Redis connection established successfully","timestamp":"2025-03-18 08:37:45"}
{"level":"info","message":"Server running on port 3000","timestamp":"2025-03-18 08:37:45"}
{"level":"info","message":"API documentation available at http://localhost:3000/api-docs","timestamp":"2025-03-18 08:37:45"}
{"level":"info","message":"POST /api/auth/login","timestamp":"2025-03-18 08:37:55"}
{"level":"info","message":"User login successful: Daisy","timestamp":"2025-03-18 08:37:55"}
{"level":"info","message":"POST /api/auth/login","timestamp":"2025-03-18 10:28:27"}
{"level":"info","message":"User login successful: Daisy","timestamp":"2025-03-18 10:28:27"}
{"level":"info","message":"POST /api/auth/login","timestamp":"2025-03-18 10:29:07"}
{"level":"info","message":"User login successful: Daisy","timestamp":"2025-03-18 10:29:07"}
{"level":"info","message":"GET /api/auth/profile","timestamp":"2025-03-18 10:29:14"}
{"level":"info","message":"GET /api/auth/profile","timestamp":"2025-03-18 10:29:14"}
{"level":"info","message":"Database connection established successfully","timestamp":"2025-03-18 10:29:51"}
{"level":"info","message":"Redis connection established successfully","timestamp":"2025-03-18 10:29:52"}
{"level":"info","message":"Server running on port 3000","timestamp":"2025-03-18 10:29:52"}
{"level":"info","message":"API documentation available at http://localhost:3000/api-docs","timestamp":"2025-03-18 10:29:52"}
{"level":"info","message":"GET /api/auth/profile","timestamp":"2025-03-18 10:30:00"}
{"level":"info","message":"GET /api/auth/profile","timestamp":"2025-03-18 10:30:00"}
{"level":"info","message":"PUT /api/auth/profile","timestamp":"2025-03-18 10:32:08"}
{"level":"info","message":"PUT /api/auth/profile","timestamp":"2025-03-18 10:32:09"}
{"level":"info","message":"GET /api/auth/profile","timestamp":"2025-03-18 10:40:20"}
{"level":"info","message":"GET /api/auth/profile","timestamp":"2025-03-18 10:40:30"}
{"level":"info","message":"GET /api/auth/profile","timestamp":"2025-03-18 10:40:30"}
{"level":"info","message":"Database connection established successfully","timestamp":"2025-03-18 10:43:20"}
{"level":"info","message":"Redis connection established successfully","timestamp":"2025-03-18 10:43:20"}
{"level":"info","message":"Server running on port 3000","timestamp":"2025-03-18 10:43:20"}
{"level":"info","message":"API documentation available at http://localhost:3000/api-docs","timestamp":"2025-03-18 10:43:20"}
{"level":"info","message":"GET /api/auth/profile","timestamp":"2025-03-18 10:43:28"}
{"level":"info","message":"GET /api/auth/profile","timestamp":"2025-03-18 10:43:28"}
{"level":"info","message":"GET /api/auth/profile","timestamp":"2025-03-18 10:48:44"}
{"level":"info","message":"GET /api/auth/profile","timestamp":"2025-03-18 10:48:44"}
{"level":"info","message":"POST /api/auth/login","timestamp":"2025-03-18 10:50:12"}
{"level":"info","message":"User login successful: Daisy","timestamp":"2025-03-18 10:50:13"}
{"level":"info","message":"POST /api/auth/login","timestamp":"2025-03-18 10:50:13"}
{"level":"info","message":"User login successful: Daisy","timestamp":"2025-03-18 10:50:13"}
{"level":"info","message":"GET /api/auth/profile","timestamp":"2025-03-18 10:50:19"}
{"level":"info","message":"GET /api/auth/profile","timestamp":"2025-03-18 10:50:19"}
{"level":"info","message":"PUT /api/auth/profile","timestamp":"2025-03-18 10:50:21"}
{"level":"info","message":"Profile updated for user: 2","timestamp":"2025-03-18 10:50:21"}
{"level":"info","message":"POST /api/auth/login","timestamp":"2025-03-18 10:50:43"}
{"level":"info","message":"User login successful: Daisy","timestamp":"2025-03-18 10:50:44"}
{"level":"info","message":"POST /api/auth/login","timestamp":"2025-03-18 10:50:44"}
{"level":"info","message":"User login successful: Daisy","timestamp":"2025-03-18 10:50:44"}
{"level":"info","message":"GET /api/auth/profile","timestamp":"2025-03-18 10:50:46"}
{"level":"info","message":"GET /api/auth/profile","timestamp":"2025-03-18 10:50:46"}
{"level":"info","message":"GET /api/auth/profile","timestamp":"2025-03-18 10:51:25"}
{"level":"info","message":"GET /api/auth/profile","timestamp":"2025-03-18 10:51:25"}
{"level":"info","message":"GET /api/auth/profile","timestamp":"2025-03-18 10:57:08"}
{"level":"info","message":"GET /api/auth/profile","timestamp":"2025-03-18 11:54:34"}
{"level":"info","message":"GET /api/auth/profile","timestamp":"2025-03-18 11:54:34"}
