{"level":"info","message":"Database connection established successfully","timestamp":"2025-03-20 15:43:37"}
{"level":"info","message":"Redis connection established successfully","timestamp":"2025-03-20 15:43:37"}
{"level":"info","message":"Server running on port 3000","timestamp":"2025-03-20 15:43:37"}
{"level":"info","message":"API documentation available at http://localhost:3000/api-docs","timestamp":"2025-03-20 15:43:37"}
{"level":"info","message":"Database connection established successfully","timestamp":"2025-03-20 16:27:40"}
{"level":"info","message":"Redis connection established successfully","timestamp":"2025-03-20 16:27:40"}
{"level":"info","message":"Server running on port 3000","timestamp":"2025-03-20 16:27:40"}
{"level":"info","message":"API documentation available at http://localhost:3000/api-docs","timestamp":"2025-03-20 16:27:40"}
{"level":"info","message":"GET /api/auth/profile","timestamp":"2025-03-20 16:40:04"}
{"level":"error","message":"Get profile error: authService.getUserProfile is not a function","timestamp":"2025-03-20 16:40:04"}
{"body":{},"level":"error","message":"Error: authService.getUserProfile is not a function","method":"GET","path":"/api/auth/profile","stack":"TypeError: authService.getUserProfile is not a function\n    at getProfile (file:///C:/Users/User/Desktop/calorie-tracker/calorie-tracker-master/Backend/src/controllers/authController.js:73:39)\n    at Layer.handle [as handle_request] (C:\\Users\\User\\Desktop\\calorie-tracker\\calorie-tracker-master\\Backend\\node_modules\\express\\lib\\router\\layer.js:95:5)\n    at next (C:\\Users\\User\\Desktop\\calorie-tracker\\calorie-tracker-master\\Backend\\node_modules\\express\\lib\\router\\route.js:149:13)\n    at authenticate (file:///C:/Users/User/Desktop/calorie-tracker/calorie-tracker-master/Backend/src/middleware/authMiddleware.js:44:5)\n    at process.processTicksAndRejections (node:internal/process/task_queues:95:5)","timestamp":"2025-03-20 16:40:04"}
{"level":"info","message":"GET /api/auth/profile","timestamp":"2025-03-20 16:40:04"}
{"level":"error","message":"Get profile error: authService.getUserProfile is not a function","timestamp":"2025-03-20 16:40:04"}
{"body":{},"level":"error","message":"Error: authService.getUserProfile is not a function","method":"GET","path":"/api/auth/profile","stack":"TypeError: authService.getUserProfile is not a function\n    at getProfile (file:///C:/Users/User/Desktop/calorie-tracker/calorie-tracker-master/Backend/src/controllers/authController.js:73:39)\n    at Layer.handle [as handle_request] (C:\\Users\\User\\Desktop\\calorie-tracker\\calorie-tracker-master\\Backend\\node_modules\\express\\lib\\router\\layer.js:95:5)\n    at next (C:\\Users\\User\\Desktop\\calorie-tracker\\calorie-tracker-master\\Backend\\node_modules\\express\\lib\\router\\route.js:149:13)\n    at authenticate (file:///C:/Users/User/Desktop/calorie-tracker/calorie-tracker-master/Backend/src/middleware/authMiddleware.js:44:5)\n    at process.processTicksAndRejections (node:internal/process/task_queues:95:5)","timestamp":"2025-03-20 16:40:04"}
{"level":"info","message":"POST /api/auth/login","timestamp":"2025-03-20 16:40:09"}
{"level":"error","message":"Login error: authService.loginUser is not a function","timestamp":"2025-03-20 16:40:09"}
{"body":{"emailOrUsername":"Daisy","password":"Shysoul99!"},"level":"error","message":"Error: authService.loginUser is not a function","method":"POST","path":"/api/auth/login","stack":"TypeError: authService.loginUser is not a function\n    at login (file:///C:/Users/User/Desktop/calorie-tracker/calorie-tracker-master/Backend/src/controllers/authController.js:55:38)\n    at Layer.handle [as handle_request] (C:\\Users\\User\\Desktop\\calorie-tracker\\calorie-tracker-master\\Backend\\node_modules\\express\\lib\\router\\layer.js:95:5)\n    at next (C:\\Users\\User\\Desktop\\calorie-tracker\\calorie-tracker-master\\Backend\\node_modules\\express\\lib\\router\\route.js:149:13)\n    at checkValidation (file:///C:/Users/User/Desktop/calorie-tracker/calorie-tracker-master/Backend/src/middleware/validationMiddleware.js:21:3)\n    at Layer.handle [as handle_request] (C:\\Users\\User\\Desktop\\calorie-tracker\\calorie-tracker-master\\Backend\\node_modules\\express\\lib\\router\\layer.js:95:5)\n    at next (C:\\Users\\User\\Desktop\\calorie-tracker\\calorie-tracker-master\\Backend\\node_modules\\express\\lib\\router\\route.js:149:13)\n    at middleware (C:\\Users\\User\\Desktop\\calorie-tracker\\calorie-tracker-master\\Backend\\node_modules\\express-validator\\lib\\middlewares\\check.js:16:13)\n    at process.processTicksAndRejections (node:internal/process/task_queues:95:5)","timestamp":"2025-03-20 16:40:09"}
{"level":"info","message":"POST /api/auth/login","timestamp":"2025-03-20 16:40:11"}
{"level":"error","message":"Login error: authService.loginUser is not a function","timestamp":"2025-03-20 16:40:11"}
{"body":{"emailOrUsername":"Daisy","password":"Shysoul99!"},"level":"error","message":"Error: authService.loginUser is not a function","method":"POST","path":"/api/auth/login","stack":"TypeError: authService.loginUser is not a function\n    at login (file:///C:/Users/User/Desktop/calorie-tracker/calorie-tracker-master/Backend/src/controllers/authController.js:55:38)\n    at Layer.handle [as handle_request] (C:\\Users\\User\\Desktop\\calorie-tracker\\calorie-tracker-master\\Backend\\node_modules\\express\\lib\\router\\layer.js:95:5)\n    at next (C:\\Users\\User\\Desktop\\calorie-tracker\\calorie-tracker-master\\Backend\\node_modules\\express\\lib\\router\\route.js:149:13)\n    at checkValidation (file:///C:/Users/User/Desktop/calorie-tracker/calorie-tracker-master/Backend/src/middleware/validationMiddleware.js:21:3)\n    at Layer.handle [as handle_request] (C:\\Users\\User\\Desktop\\calorie-tracker\\calorie-tracker-master\\Backend\\node_modules\\express\\lib\\router\\layer.js:95:5)\n    at next (C:\\Users\\User\\Desktop\\calorie-tracker\\calorie-tracker-master\\Backend\\node_modules\\express\\lib\\router\\route.js:149:13)\n    at middleware (C:\\Users\\User\\Desktop\\calorie-tracker\\calorie-tracker-master\\Backend\\node_modules\\express-validator\\lib\\middlewares\\check.js:16:13)\n    at process.processTicksAndRejections (node:internal/process/task_queues:95:5)","timestamp":"2025-03-20 16:40:11"}
{"level":"info","message":"POST /api/auth/login","timestamp":"2025-03-20 16:40:12"}
{"level":"error","message":"Login error: authService.loginUser is not a function","timestamp":"2025-03-20 16:40:12"}
{"body":{"emailOrUsername":"Daisy","password":"Shysoul99!"},"level":"error","message":"Error: authService.loginUser is not a function","method":"POST","path":"/api/auth/login","stack":"TypeError: authService.loginUser is not a function\n    at login (file:///C:/Users/User/Desktop/calorie-tracker/calorie-tracker-master/Backend/src/controllers/authController.js:55:38)\n    at Layer.handle [as handle_request] (C:\\Users\\User\\Desktop\\calorie-tracker\\calorie-tracker-master\\Backend\\node_modules\\express\\lib\\router\\layer.js:95:5)\n    at next (C:\\Users\\User\\Desktop\\calorie-tracker\\calorie-tracker-master\\Backend\\node_modules\\express\\lib\\router\\route.js:149:13)\n    at checkValidation (file:///C:/Users/User/Desktop/calorie-tracker/calorie-tracker-master/Backend/src/middleware/validationMiddleware.js:21:3)\n    at Layer.handle [as handle_request] (C:\\Users\\User\\Desktop\\calorie-tracker\\calorie-tracker-master\\Backend\\node_modules\\express\\lib\\router\\layer.js:95:5)\n    at next (C:\\Users\\User\\Desktop\\calorie-tracker\\calorie-tracker-master\\Backend\\node_modules\\express\\lib\\router\\route.js:149:13)\n    at middleware (C:\\Users\\User\\Desktop\\calorie-tracker\\calorie-tracker-master\\Backend\\node_modules\\express-validator\\lib\\middlewares\\check.js:16:13)\n    at process.processTicksAndRejections (node:internal/process/task_queues:95:5)","timestamp":"2025-03-20 16:40:12"}
{"level":"info","message":"Database connection established successfully","timestamp":"2025-03-20 16:49:51"}
{"level":"info","message":"Redis connection established successfully","timestamp":"2025-03-20 16:49:51"}
{"level":"info","message":"Server running on port 3000","timestamp":"2025-03-20 16:49:51"}
{"level":"info","message":"API documentation available at http://localhost:3000/api-docs","timestamp":"2025-03-20 16:49:51"}
{"level":"info","message":"POST /api/auth/login","timestamp":"2025-03-20 16:52:31"}
{"level":"error","message":"Login error: authService.loginUser is not a function","timestamp":"2025-03-20 16:52:31"}
{"body":{"emailOrUsername":"Daisy","password":"Shysoul99!"},"level":"error","message":"Error: authService.loginUser is not a function","method":"POST","path":"/api/auth/login","stack":"TypeError: authService.loginUser is not a function\n    at login (file:///C:/Users/User/Desktop/calorie-tracker/calorie-tracker-master/Backend/src/controllers/authController.js:55:38)\n    at Layer.handle [as handle_request] (C:\\Users\\User\\Desktop\\calorie-tracker\\calorie-tracker-master\\Backend\\node_modules\\express\\lib\\router\\layer.js:95:5)\n    at next (C:\\Users\\User\\Desktop\\calorie-tracker\\calorie-tracker-master\\Backend\\node_modules\\express\\lib\\router\\route.js:149:13)\n    at checkValidation (file:///C:/Users/User/Desktop/calorie-tracker/calorie-tracker-master/Backend/src/middleware/validationMiddleware.js:21:3)\n    at Layer.handle [as handle_request] (C:\\Users\\User\\Desktop\\calorie-tracker\\calorie-tracker-master\\Backend\\node_modules\\express\\lib\\router\\layer.js:95:5)\n    at next (C:\\Users\\User\\Desktop\\calorie-tracker\\calorie-tracker-master\\Backend\\node_modules\\express\\lib\\router\\route.js:149:13)\n    at middleware (C:\\Users\\User\\Desktop\\calorie-tracker\\calorie-tracker-master\\Backend\\node_modules\\express-validator\\lib\\middlewares\\check.js:16:13)\n    at process.processTicksAndRejections (node:internal/process/task_queues:95:5)","timestamp":"2025-03-20 16:52:31"}
{"level":"info","message":"Database connection established successfully","timestamp":"2025-03-20 16:58:27"}
{"level":"info","message":"Redis connection established successfully","timestamp":"2025-03-20 16:58:27"}
{"level":"info","message":"Server running on port 3000","timestamp":"2025-03-20 16:58:27"}
{"level":"info","message":"API documentation available at http://localhost:3000/api-docs","timestamp":"2025-03-20 16:58:27"}
{"level":"info","message":"POST /api/auth/login","timestamp":"2025-03-20 16:58:33"}
{"level":"error","message":"Login error: secretOrPrivateKey must have a value","timestamp":"2025-03-20 16:58:33"}
{"body":{"emailOrUsername":"Daisy","password":"Shysoul99!"},"level":"error","message":"Error: secretOrPrivateKey must have a value","method":"POST","path":"/api/auth/login","stack":"Error: secretOrPrivateKey must have a value\n    at module.exports [as sign] (C:\\Users\\User\\Desktop\\calorie-tracker\\calorie-tracker-master\\Backend\\node_modules\\jsonwebtoken\\sign.js:111:20)\n    at AuthService.loginUser (file:///C:/Users/User/Desktop/calorie-tracker/calorie-tracker-master/Backend/src/services/authService.js:64:23)\n    at async login (file:///C:/Users/User/Desktop/calorie-tracker/calorie-tracker-master/Backend/src/controllers/authController.js:55:20)","timestamp":"2025-03-20 16:58:33"}
{"level":"info","message":"Database connection established successfully","timestamp":"2025-03-20 17:07:52"}
{"level":"info","message":"Redis connection established successfully","timestamp":"2025-03-20 17:07:52"}
{"level":"info","message":"Server running on port 3000","timestamp":"2025-03-20 17:07:52"}
{"level":"info","message":"API documentation available at http://localhost:3000/api-docs","timestamp":"2025-03-20 17:07:52"}
{"level":"info","message":"POST /api/auth/login","timestamp":"2025-03-20 17:07:58"}
{"level":"info","message":"User login successful: Daisy","timestamp":"2025-03-20 17:07:58"}
{"level":"info","message":"GET /api/auth/profile","timestamp":"2025-03-20 17:28:22"}
{"level":"info","message":"GET /api/auth/profile","timestamp":"2025-03-20 17:28:23"}
{"level":"info","message":"POST /api/auth/login","timestamp":"2025-03-20 17:28:24"}
{"level":"info","message":"User login successful: Daisy","timestamp":"2025-03-20 17:28:24"}
{"level":"info","message":"POST /api/auth/logout","timestamp":"2025-03-20 19:14:41"}
{"level":"info","message":"POST /api/auth/login","timestamp":"2025-03-20 19:14:54"}
{"level":"info","message":"User login successful: Daisy","timestamp":"2025-03-20 19:14:54"}
{"level":"info","message":"POST /api/auth/logout","timestamp":"2025-03-20 19:16:32"}
